[server] 2022/10/26 09:56:24 error /Users/root/go/src/gin-server/initialize/server.go:33 accept tcp [::]:8092: use of closed network connection
[server] 2022/10/26 10:13:44 error /Users/root/go/src/gin-server/initialize/server.go:33 accept tcp [::]:8092: use of closed network connection
[server] 2022/10/26 10:27:45 error /Users/root/go/src/gin-server/initialize/server.go:33 accept tcp [::]:8092: use of closed network connection
[server] 2022/10/26 10:57:25 error /Users/root/go/src/gin-server/initialize/server.go:33 accept tcp [::]:8092: use of closed network connection
[server] 2022/10/26 10:59:34 error /Users/root/go/src/gin-server/initialize/server.go:33 accept tcp [::]:8092: use of closed network connection
[server] 2022/10/26 11:07:20 error /Users/root/go/src/gin-server/initialize/server.go:33 accept tcp [::]:8092: use of closed network connection
[server] 2022/10/26 11:45:33 error /Users/root/go/src/gin-server/initialize/server.go:33 accept tcp [::]:8092: use of closed network connection
[server] 2022/10/26 14:10:22 error /Users/root/go/src/gin-server/initialize/server.go:33 accept tcp [::]:8092: use of closed network connection
[server] 2022/10/26 14:11:16 error /Users/root/go/src/gin-server/initialize/server.go:33 accept tcp [::]:8092: use of closed network connection
[server] 2022/10/26 14:12:37 error /Users/root/go/src/gin-server/initialize/server.go:33 accept tcp [::]:8092: use of closed network connection
[server] 2022/10/26 14:20:35 error /Users/root/go/src/gin-server/initialize/server.go:33 accept tcp [::]:8092: use of closed network connection
[server] 2022/10/26 14:21:40 error /Users/root/go/src/gin-server/model/common/response/common.go:37 查询操作日志列表失败 {"error": "Key: 'OperationFilter.PageInfo.PageSize' Error:Field validation for 'PageSize' failed on the 'required' tag"}
[server] 2022/10/26 14:22:04 error /Users/root/go/src/gin-server/model/common/response/common.go:37 查询操作日志列表失败 {"error": "Key: 'OperationFilter.PageInfo.PageSize' Error:Field validation for 'PageSize' failed on the 'required' tag"}
[server] 2022/10/26 14:24:44 error /Users/root/go/src/gin-server/model/common/response/common.go:37 查询操作日志列表失败 {"error": "Key: 'OperationFilter.PageInfo.PageSize' Error:Field validation for 'PageSize' failed on the 'required' tag"}
[server] 2022/10/26 14:27:28 error /Users/root/go/src/gin-server/initialize/server.go:33 accept tcp [::]:8092: use of closed network connection
[server] 2022/10/26 14:27:32 error /Users/root/go/src/gin-server/model/common/response/common.go:37 参数校验失败 {"error": "Key: 'OperationFilter.PageInfo.PageSize' Error:Field validation for 'PageSize' failed on the 'required' tag"}
[server] 2022/10/26 14:30:49 error /Users/root/go/src/gin-server/initialize/server.go:33 accept tcp [::]:8092: use of closed network connection
[server] 2022/10/26 14:31:26 error /Users/root/go/src/gin-server/model/common/response/common.go:37 参数校验失败 {"error": "Key: 'Login.CaptchaId' Error:Field validation for 'CaptchaId' failed on the 'required' tag"}
[server] 2022/10/26 14:31:32 error /Users/root/go/src/gin-server/model/common/response/common.go:37 参数校验失败 {"error": "Key: 'Login.CaptchaId' Error:Field validation for 'CaptchaId' failed on the 'required' tag"}
[server] 2022/10/26 14:59:18 error /Users/root/go/src/gin-server/initialize/server.go:33 accept tcp [::]:8092: use of closed network connection
[server] 2022/10/26 15:31:25 error /Users/root/go/src/gin-server/model/common/response/common.go:37 参数校验失败 {"error": "Key: 'User.UUID' Error:Field validation for 'UUID' failed on the 'required' tag"}
[server] 2022/10/26 15:34:54 error /Users/root/go/src/gin-server/initialize/server.go:33 accept tcp [::]:8092: use of closed network connection
[server] 2022/10/26 15:36:55 error /Users/root/go/src/gin-server/model/common/response/common.go:37 添加用户失败 {"error": "用户名已注册"}
[server] 2022/10/26 16:29:55 error /Users/root/go/src/gin-server/initialize/server.go:33 accept tcp [::]:8092: use of closed network connection
