[server] 2022/10/26 09:56:20 info /Users/root/go/src/gin-server/initialize/gorm.go:49 注册数据库表成功
[server] 2022/10/26 09:56:20 info /Users/root/go/src/gin-server/service/system/initdb.go:45 [mysql] --> users 表初始化数据成功
[server] 2022/10/26 09:56:20 info /Users/root/go/src/gin-server/service/system/initdb.go:45 [mysql] --> menus 表初始化数据成功
[server] 2022/10/26 09:56:20 info /Users/root/go/src/gin-server/service/system/initdb.go:45 [mysql] --> authorities 表初始化数据成功
[server] 2022/10/26 09:56:20 info /Users/root/go/src/gin-server/service/system/initdb.go:45 [mysql] --> authority_menus 表初始化数据成功
[server] 2022/10/26 09:56:20 info /Users/root/go/src/gin-server/service/system/initdb.go:45 [mysql] --> casbin_rule 表初始化数据成功
[server] 2022/10/26 09:56:20 info /Users/root/go/src/gin-server/initialize/gorm.go:54 初始化数据库成功
[server] 2022/10/26 09:56:20 info /Users/root/go/src/gin-server/initialize/router.go:17 注册 CORS handler
[server] 2022/10/26 09:56:20 info /Users/root/go/src/gin-server/initialize/server.go:32 启动 WebServer 成功 {"address": ":8092"}
[server] 2022/10/26 10:12:26 info /Users/root/go/src/gin-server/service/system/initdb.go:39 [mysql] --> users 表的初始数据已存在
[server] 2022/10/26 10:12:26 info /Users/root/go/src/gin-server/service/system/initdb.go:45 [mysql] --> menus 表初始化数据成功
[server] 2022/10/26 10:12:26 info /Users/root/go/src/gin-server/service/system/initdb.go:45 [mysql] --> authorities 表初始化数据成功
[server] 2022/10/26 10:12:26 info /Users/root/go/src/gin-server/service/system/initdb.go:45 [mysql] --> authority_menus 表初始化数据成功
[server] 2022/10/26 10:12:26 info /Users/root/go/src/gin-server/service/system/initdb.go:45 [mysql] --> casbin_rule 表初始化数据成功
[server] 2022/10/26 10:12:26 info /Users/root/go/src/gin-server/initialize/router.go:17 注册 CORS handler
[server] 2022/10/26 10:12:26 info /Users/root/go/src/gin-server/initialize/server.go:32 启动 WebServer 成功 {"address": ":8092"}
[server] 2022/10/26 10:13:46 info /Users/root/go/src/gin-server/server.go:26 连接数据库成功
[server] 2022/10/26 10:13:46 info /Users/root/go/src/gin-server/service/system/initdb.go:39 [mysql] --> users 表的初始数据已存在
[server] 2022/10/26 10:13:46 info /Users/root/go/src/gin-server/service/system/initdb.go:45 [mysql] --> menus 表初始化数据成功
[server] 2022/10/26 10:13:46 info /Users/root/go/src/gin-server/service/system/initdb.go:45 [mysql] --> authorities 表初始化数据成功
[server] 2022/10/26 10:13:46 info /Users/root/go/src/gin-server/service/system/initdb.go:45 [mysql] --> authority_menus 表初始化数据成功
[server] 2022/10/26 10:13:46 info /Users/root/go/src/gin-server/service/system/initdb.go:45 [mysql] --> casbin_rule 表初始化数据成功
[server] 2022/10/26 10:13:46 info /Users/root/go/src/gin-server/server.go:31 初始化数据表和数据成功
[server] 2022/10/26 10:13:46 info /Users/root/go/src/gin-server/initialize/router.go:17 注册 CORS handler
[server] 2022/10/26 10:13:46 info /Users/root/go/src/gin-server/initialize/server.go:32 启动 WebServer 成功 {"address": ":8092"}
[server] 2022/10/26 10:28:01 info /Users/root/go/src/gin-server/server.go:26 连接数据库成功
[server] 2022/10/26 10:28:01 info /Users/root/go/src/gin-server/service/system/initdb.go:39 [mysql] --> users 表的初始数据已存在
[server] 2022/10/26 10:28:01 info /Users/root/go/src/gin-server/service/system/initdb.go:45 [mysql] --> menus 表初始化数据成功
[server] 2022/10/26 10:28:01 info /Users/root/go/src/gin-server/service/system/initdb.go:45 [mysql] --> authorities 表初始化数据成功
[server] 2022/10/26 10:28:01 info /Users/root/go/src/gin-server/service/system/initdb.go:45 [mysql] --> authority_menus 表初始化数据成功
[server] 2022/10/26 10:28:01 info /Users/root/go/src/gin-server/service/system/initdb.go:45 [mysql] --> casbin_rule 表初始化数据成功
[server] 2022/10/26 10:28:01 info /Users/root/go/src/gin-server/server.go:31 初始化数据表和数据成功
[server] 2022/10/26 10:28:01 info /Users/root/go/src/gin-server/initialize/router.go:17 注册 CORS handler
[server] 2022/10/26 10:28:01 info /Users/root/go/src/gin-server/initialize/server.go:32 启动 WebServer 成功 {"address": ":8092"}
[server] 2022/10/26 10:57:29 info /Users/root/go/src/gin-server/server.go:26 连接数据库成功
[server] 2022/10/26 10:57:30 info /Users/root/go/src/gin-server/service/system/initdb.go:39 [mysql] --> users 表的初始数据已存在
[server] 2022/10/26 10:57:30 info /Users/root/go/src/gin-server/service/system/initdb.go:45 [mysql] --> menus 表初始化数据成功
[server] 2022/10/26 10:57:30 info /Users/root/go/src/gin-server/service/system/initdb.go:45 [mysql] --> authorities 表初始化数据成功
[server] 2022/10/26 10:57:30 info /Users/root/go/src/gin-server/service/system/initdb.go:45 [mysql] --> authority_menus 表初始化数据成功
[server] 2022/10/26 10:57:30 info /Users/root/go/src/gin-server/service/system/initdb.go:45 [mysql] --> casbin_rule 表初始化数据成功
[server] 2022/10/26 10:57:30 info /Users/root/go/src/gin-server/server.go:31 初始化数据表和数据成功
[server] 2022/10/26 10:57:30 info /Users/root/go/src/gin-server/initialize/router.go:17 注册 CORS handler
[server] 2022/10/26 10:57:30 info /Users/root/go/src/gin-server/initialize/server.go:32 启动 WebServer 成功 {"address": ":8092"}
[server] 2022/10/26 10:59:37 info /Users/root/go/src/gin-server/server.go:26 连接数据库成功
[server] 2022/10/26 10:59:37 info /Users/root/go/src/gin-server/service/system/initdb.go:39 [mysql] --> users 表的初始数据已存在
[server] 2022/10/26 10:59:37 info /Users/root/go/src/gin-server/service/system/initdb.go:45 [mysql] --> menus 表初始化数据成功
[server] 2022/10/26 10:59:37 info /Users/root/go/src/gin-server/service/system/initdb.go:45 [mysql] --> authorities 表初始化数据成功
[server] 2022/10/26 10:59:37 info /Users/root/go/src/gin-server/service/system/initdb.go:45 [mysql] --> authority_menus 表初始化数据成功
[server] 2022/10/26 10:59:37 info /Users/root/go/src/gin-server/service/system/initdb.go:45 [mysql] --> casbin_rule 表初始化数据成功
[server] 2022/10/26 10:59:37 info /Users/root/go/src/gin-server/server.go:31 初始化数据表和数据成功
[server] 2022/10/26 10:59:37 info /Users/root/go/src/gin-server/initialize/router.go:17 注册 CORS handler
[server] 2022/10/26 10:59:37 info /Users/root/go/src/gin-server/initialize/server.go:32 启动 WebServer 成功 {"address": ":8092"}
[server] 2022/10/26 11:07:23 info /Users/root/go/src/gin-server/server.go:26 连接数据库成功
[server] 2022/10/26 11:07:24 info /Users/root/go/src/gin-server/service/system/initdb.go:39 [mysql] --> users 表的初始数据已存在
[server] 2022/10/26 11:07:24 info /Users/root/go/src/gin-server/service/system/initdb.go:45 [mysql] --> menus 表初始化数据成功
[server] 2022/10/26 11:07:24 info /Users/root/go/src/gin-server/service/system/initdb.go:45 [mysql] --> authorities 表初始化数据成功
[server] 2022/10/26 11:07:24 info /Users/root/go/src/gin-server/service/system/initdb.go:45 [mysql] --> authority_menus 表初始化数据成功
[server] 2022/10/26 11:07:24 info /Users/root/go/src/gin-server/service/system/initdb.go:45 [mysql] --> casbin_rule 表初始化数据成功
[server] 2022/10/26 11:07:24 info /Users/root/go/src/gin-server/server.go:31 初始化数据表和数据成功
[server] 2022/10/26 11:07:24 info /Users/root/go/src/gin-server/initialize/router.go:17 注册 CORS handler
[server] 2022/10/26 11:07:24 info /Users/root/go/src/gin-server/initialize/server.go:32 启动 WebServer 成功 {"address": ":8092"}
[server] 2022/10/26 11:45:36 info /Users/root/go/src/gin-server/server.go:26 连接数据库成功
[server] 2022/10/26 11:45:36 info /Users/root/go/src/gin-server/service/system/initdb.go:39 [mysql] --> users 表的初始数据已存在
[server] 2022/10/26 11:45:36 info /Users/root/go/src/gin-server/service/system/initdb.go:45 [mysql] --> menus 表初始化数据成功
[server] 2022/10/26 11:45:36 info /Users/root/go/src/gin-server/service/system/initdb.go:45 [mysql] --> authorities 表初始化数据成功
[server] 2022/10/26 11:45:36 info /Users/root/go/src/gin-server/service/system/initdb.go:45 [mysql] --> authority_menus 表初始化数据成功
[server] 2022/10/26 11:45:36 info /Users/root/go/src/gin-server/service/system/initdb.go:45 [mysql] --> casbin_rule 表初始化数据成功
[server] 2022/10/26 11:45:36 info /Users/root/go/src/gin-server/server.go:31 初始化数据表和数据成功
[server] 2022/10/26 11:45:36 info /Users/root/go/src/gin-server/initialize/router.go:17 注册 CORS handler
[server] 2022/10/26 11:45:36 info /Users/root/go/src/gin-server/initialize/server.go:32 启动 WebServer 成功 {"address": ":8092"}
[server] 2022/10/26 14:10:27 info /Users/root/go/src/gin-server/server.go:26 连接数据库成功
[server] 2022/10/26 14:10:27 info /Users/root/go/src/gin-server/service/system/initdb.go:45 [mysql] --> users 表初始化数据成功
[server] 2022/10/26 14:10:27 info /Users/root/go/src/gin-server/service/system/initdb.go:45 [mysql] --> menus 表初始化数据成功
[server] 2022/10/26 14:10:27 info /Users/root/go/src/gin-server/service/system/initdb.go:45 [mysql] --> authorities 表初始化数据成功
[server] 2022/10/26 14:10:27 info /Users/root/go/src/gin-server/service/system/initdb.go:45 [mysql] --> authority_menus 表初始化数据成功
[server] 2022/10/26 14:10:27 info /Users/root/go/src/gin-server/service/system/initdb.go:45 [mysql] --> casbin_rule 表初始化数据成功
[server] 2022/10/26 14:10:27 info /Users/root/go/src/gin-server/server.go:31 初始化数据表和数据成功
[server] 2022/10/26 14:10:27 info /Users/root/go/src/gin-server/initialize/router.go:17 注册 CORS handler
[server] 2022/10/26 14:10:27 info /Users/root/go/src/gin-server/initialize/server.go:32 启动 WebServer 成功 {"address": ":8092"}
[server] 2022/10/26 14:11:19 info /Users/root/go/src/gin-server/server.go:26 连接数据库成功
[server] 2022/10/26 14:11:19 info /Users/root/go/src/gin-server/service/system/initdb.go:39 [mysql] --> users 表的初始数据已存在
[server] 2022/10/26 14:11:19 info /Users/root/go/src/gin-server/service/system/initdb.go:45 [mysql] --> menus 表初始化数据成功
[server] 2022/10/26 14:11:19 info /Users/root/go/src/gin-server/service/system/initdb.go:45 [mysql] --> authorities 表初始化数据成功
[server] 2022/10/26 14:11:19 info /Users/root/go/src/gin-server/service/system/initdb.go:45 [mysql] --> authority_menus 表初始化数据成功
[server] 2022/10/26 14:11:19 info /Users/root/go/src/gin-server/service/system/initdb.go:45 [mysql] --> casbin_rule 表初始化数据成功
[server] 2022/10/26 14:11:19 info /Users/root/go/src/gin-server/server.go:31 初始化数据表和数据成功
[server] 2022/10/26 14:11:19 info /Users/root/go/src/gin-server/initialize/router.go:17 注册 CORS handler
[server] 2022/10/26 14:11:19 info /Users/root/go/src/gin-server/initialize/server.go:32 启动 WebServer 成功 {"address": ":8092"}
[server] 2022/10/26 14:12:40 info /Users/root/go/src/gin-server/server.go:26 连接数据库成功
[server] 2022/10/26 14:12:40 info /Users/root/go/src/gin-server/service/system/initdb.go:39 [mysql] --> users 表的初始数据已存在
[server] 2022/10/26 14:12:40 info /Users/root/go/src/gin-server/service/system/initdb.go:45 [mysql] --> menus 表初始化数据成功
[server] 2022/10/26 14:12:40 info /Users/root/go/src/gin-server/service/system/initdb.go:45 [mysql] --> authorities 表初始化数据成功
[server] 2022/10/26 14:12:40 info /Users/root/go/src/gin-server/service/system/initdb.go:45 [mysql] --> authority_menus 表初始化数据成功
[server] 2022/10/26 14:12:40 info /Users/root/go/src/gin-server/service/system/initdb.go:45 [mysql] --> casbin_rule 表初始化数据成功
[server] 2022/10/26 14:12:40 info /Users/root/go/src/gin-server/server.go:31 初始化数据表和数据成功
[server] 2022/10/26 14:12:40 info /Users/root/go/src/gin-server/initialize/router.go:17 注册 CORS handler
[server] 2022/10/26 14:12:40 info /Users/root/go/src/gin-server/initialize/server.go:32 启动 WebServer 成功 {"address": ":8092"}
[server] 2022/10/26 14:21:04 info /Users/root/go/src/gin-server/server.go:26 连接数据库成功
[server] 2022/10/26 14:21:04 info /Users/root/go/src/gin-server/service/system/initdb.go:39 [mysql] --> users 表的初始数据已存在
[server] 2022/10/26 14:21:04 info /Users/root/go/src/gin-server/service/system/initdb.go:45 [mysql] --> menus 表初始化数据成功
[server] 2022/10/26 14:21:04 info /Users/root/go/src/gin-server/service/system/initdb.go:45 [mysql] --> authorities 表初始化数据成功
[server] 2022/10/26 14:21:04 info /Users/root/go/src/gin-server/service/system/initdb.go:45 [mysql] --> authority_menus 表初始化数据成功
[server] 2022/10/26 14:21:04 info /Users/root/go/src/gin-server/service/system/initdb.go:45 [mysql] --> casbin_rule 表初始化数据成功
[server] 2022/10/26 14:21:04 info /Users/root/go/src/gin-server/server.go:31 初始化数据表和数据成功
[server] 2022/10/26 14:21:04 info /Users/root/go/src/gin-server/initialize/router.go:17 注册 CORS handler
[server] 2022/10/26 14:21:04 info /Users/root/go/src/gin-server/initialize/server.go:32 启动 WebServer 成功 {"address": ":8092"}
[server] 2022/10/26 14:27:30 info /Users/root/go/src/gin-server/server.go:26 连接数据库成功
[server] 2022/10/26 14:27:30 info /Users/root/go/src/gin-server/service/system/initdb.go:39 [mysql] --> users 表的初始数据已存在
[server] 2022/10/26 14:27:30 info /Users/root/go/src/gin-server/service/system/initdb.go:45 [mysql] --> menus 表初始化数据成功
[server] 2022/10/26 14:27:30 info /Users/root/go/src/gin-server/service/system/initdb.go:45 [mysql] --> authorities 表初始化数据成功
[server] 2022/10/26 14:27:30 info /Users/root/go/src/gin-server/service/system/initdb.go:45 [mysql] --> authority_menus 表初始化数据成功
[server] 2022/10/26 14:27:30 info /Users/root/go/src/gin-server/service/system/initdb.go:45 [mysql] --> casbin_rule 表初始化数据成功
[server] 2022/10/26 14:27:30 info /Users/root/go/src/gin-server/server.go:31 初始化数据表和数据成功
[server] 2022/10/26 14:27:30 info /Users/root/go/src/gin-server/initialize/router.go:17 注册 CORS handler
[server] 2022/10/26 14:27:30 info /Users/root/go/src/gin-server/initialize/server.go:32 启动 WebServer 成功 {"address": ":8092"}
[server] 2022/10/26 14:30:51 info /Users/root/go/src/gin-server/server.go:26 连接数据库成功
[server] 2022/10/26 14:30:51 info /Users/root/go/src/gin-server/service/system/initdb.go:39 [mysql] --> users 表的初始数据已存在
[server] 2022/10/26 14:30:51 info /Users/root/go/src/gin-server/service/system/initdb.go:45 [mysql] --> menus 表初始化数据成功
[server] 2022/10/26 14:30:51 info /Users/root/go/src/gin-server/service/system/initdb.go:45 [mysql] --> authorities 表初始化数据成功
[server] 2022/10/26 14:30:51 info /Users/root/go/src/gin-server/service/system/initdb.go:45 [mysql] --> authority_menus 表初始化数据成功
[server] 2022/10/26 14:30:51 info /Users/root/go/src/gin-server/service/system/initdb.go:45 [mysql] --> casbin_rule 表初始化数据成功
[server] 2022/10/26 14:30:51 info /Users/root/go/src/gin-server/server.go:31 初始化数据表和数据成功
[server] 2022/10/26 14:30:51 info /Users/root/go/src/gin-server/initialize/router.go:17 注册 CORS handler
[server] 2022/10/26 14:30:51 info /Users/root/go/src/gin-server/initialize/server.go:32 启动 WebServer 成功 {"address": ":8092"}
[server] 2022/10/26 15:20:08 info /Users/root/go/src/gin-server/server.go:26 连接数据库成功
[server] 2022/10/26 15:20:08 info /Users/root/go/src/gin-server/service/system/initdb.go:39 [mysql] --> users 表的初始数据已存在
[server] 2022/10/26 15:20:08 info /Users/root/go/src/gin-server/service/system/initdb.go:45 [mysql] --> menus 表初始化数据成功
[server] 2022/10/26 15:20:08 info /Users/root/go/src/gin-server/service/system/initdb.go:45 [mysql] --> authorities 表初始化数据成功
[server] 2022/10/26 15:20:08 info /Users/root/go/src/gin-server/service/system/initdb.go:45 [mysql] --> authority_menus 表初始化数据成功
[server] 2022/10/26 15:20:08 info /Users/root/go/src/gin-server/service/system/initdb.go:45 [mysql] --> casbin_rule 表初始化数据成功
[server] 2022/10/26 15:20:08 info /Users/root/go/src/gin-server/server.go:31 初始化数据表和数据成功
[server] 2022/10/26 15:20:08 info /Users/root/go/src/gin-server/initialize/router.go:17 注册 CORS handler
[server] 2022/10/26 15:20:08 info /Users/root/go/src/gin-server/initialize/server.go:32 启动 WebServer 成功 {"address": ":8092"}
[server] 2022/10/26 15:34:58 info /Users/root/go/src/gin-server/server.go:26 连接数据库成功
[server] 2022/10/26 15:34:58 info /Users/root/go/src/gin-server/service/system/initdb.go:45 [mysql] --> users 表初始化数据成功
[server] 2022/10/26 15:34:58 info /Users/root/go/src/gin-server/service/system/initdb.go:45 [mysql] --> menus 表初始化数据成功
[server] 2022/10/26 15:34:58 info /Users/root/go/src/gin-server/service/system/initdb.go:45 [mysql] --> authorities 表初始化数据成功
[server] 2022/10/26 15:34:58 info /Users/root/go/src/gin-server/service/system/initdb.go:45 [mysql] --> authority_menus 表初始化数据成功
[server] 2022/10/26 15:34:58 info /Users/root/go/src/gin-server/service/system/initdb.go:45 [mysql] --> casbin_rule 表初始化数据成功
[server] 2022/10/26 15:34:58 info /Users/root/go/src/gin-server/server.go:31 初始化数据表和数据成功
[server] 2022/10/26 15:34:58 info /Users/root/go/src/gin-server/initialize/router.go:17 注册 CORS handler
[server] 2022/10/26 15:34:58 info /Users/root/go/src/gin-server/initialize/server.go:32 启动 WebServer 成功 {"address": ":8092"}
[server] 2022/10/26 16:30:16 info /Users/root/go/src/gin-server/server.go:26 连接数据库成功
[server] 2022/10/26 16:30:17 info /Users/root/go/src/gin-server/service/system/initdb.go:39 [mysql] --> users 表的初始数据已存在
[server] 2022/10/26 16:30:17 info /Users/root/go/src/gin-server/service/system/initdb.go:45 [mysql] --> menus 表初始化数据成功
[server] 2022/10/26 16:30:17 info /Users/root/go/src/gin-server/service/system/initdb.go:45 [mysql] --> authorities 表初始化数据成功
[server] 2022/10/26 16:30:17 info /Users/root/go/src/gin-server/service/system/initdb.go:45 [mysql] --> authority_menus 表初始化数据成功
[server] 2022/10/26 16:30:17 info /Users/root/go/src/gin-server/service/system/initdb.go:45 [mysql] --> casbin_rule 表初始化数据成功
[server] 2022/10/26 16:30:17 info /Users/root/go/src/gin-server/server.go:31 初始化数据表和数据成功
[server] 2022/10/26 16:30:17 info /Users/root/go/src/gin-server/initialize/router.go:17 注册 CORS handler
[server] 2022/10/26 16:30:17 info /Users/root/go/src/gin-server/initialize/server.go:32 启动 WebServer 成功 {"address": ":8092"}
