[server] 2022/10/27 10:17:55 info /Users/root/go/src/gin-server/server.go:26 连接数据库成功
[server] 2022/10/27 10:17:55 info /Users/root/go/src/gin-server/service/system/initdb.go:39 [mysql] --> users 表的初始数据已存在
[server] 2022/10/27 10:17:55 info /Users/root/go/src/gin-server/service/system/initdb.go:45 [mysql] --> menus 表初始化数据成功
[server] 2022/10/27 10:17:55 info /Users/root/go/src/gin-server/service/system/initdb.go:45 [mysql] --> authorities 表初始化数据成功
[server] 2022/10/27 10:17:55 info /Users/root/go/src/gin-server/service/system/initdb.go:45 [mysql] --> authority_menus 表初始化数据成功
[server] 2022/10/27 10:17:55 info /Users/root/go/src/gin-server/service/system/initdb.go:45 [mysql] --> casbin_rule 表初始化数据成功
[server] 2022/10/27 10:17:55 info /Users/root/go/src/gin-server/server.go:31 初始化数据表和数据成功
[server] 2022/10/27 10:17:55 info /Users/root/go/src/gin-server/initialize/router.go:17 注册 CORS handler
[server] 2022/10/27 10:17:55 info /Users/root/go/src/gin-server/initialize/server.go:32 启动 WebServer 成功 {"address": ":8092"}
[server] 2022/10/27 10:19:13 info /Users/root/go/src/gin-server/server.go:26 连接数据库成功
[server] 2022/10/27 10:19:13 info /Users/root/go/src/gin-server/service/system/initdb.go:39 [mysql] --> users 表的初始数据已存在
[server] 2022/10/27 10:19:13 info /Users/root/go/src/gin-server/service/system/initdb.go:45 [mysql] --> menus 表初始化数据成功
[server] 2022/10/27 10:19:13 info /Users/root/go/src/gin-server/service/system/initdb.go:45 [mysql] --> authorities 表初始化数据成功
[server] 2022/10/27 10:19:13 info /Users/root/go/src/gin-server/service/system/initdb.go:45 [mysql] --> authority_menus 表初始化数据成功
[server] 2022/10/27 10:19:13 info /Users/root/go/src/gin-server/service/system/initdb.go:45 [mysql] --> casbin_rule 表初始化数据成功
[server] 2022/10/27 10:19:13 info /Users/root/go/src/gin-server/server.go:31 初始化数据表和数据成功
[server] 2022/10/27 10:19:13 info /Users/root/go/src/gin-server/initialize/router.go:17 注册 CORS handler
[server] 2022/10/27 10:19:13 info /Users/root/go/src/gin-server/initialize/server.go:32 启动 WebServer 成功 {"address": ":8092"}
[server] 2022/10/27 10:19:39 info /Users/root/go/src/gin-server/server.go:26 连接数据库成功
[server] 2022/10/27 10:19:39 info /Users/root/go/src/gin-server/service/system/initdb.go:39 [mysql] --> users 表的初始数据已存在
[server] 2022/10/27 10:19:39 info /Users/root/go/src/gin-server/service/system/initdb.go:45 [mysql] --> menus 表初始化数据成功
[server] 2022/10/27 10:19:39 info /Users/root/go/src/gin-server/service/system/initdb.go:45 [mysql] --> authorities 表初始化数据成功
[server] 2022/10/27 10:19:39 info /Users/root/go/src/gin-server/service/system/initdb.go:45 [mysql] --> authority_menus 表初始化数据成功
[server] 2022/10/27 10:19:39 info /Users/root/go/src/gin-server/service/system/initdb.go:45 [mysql] --> casbin_rule 表初始化数据成功
[server] 2022/10/27 10:19:39 info /Users/root/go/src/gin-server/server.go:31 初始化数据表和数据成功
[server] 2022/10/27 10:19:39 info /Users/root/go/src/gin-server/initialize/router.go:17 注册 CORS handler
[server] 2022/10/27 10:19:39 info /Users/root/go/src/gin-server/initialize/server.go:32 启动 WebServer 成功 {"address": ":8092"}
[server] 2022/10/27 10:24:04 info /Users/root/go/src/gin-server/server.go:26 连接数据库成功
[server] 2022/10/27 10:24:04 info /Users/root/go/src/gin-server/service/system/initdb.go:39 [mysql] --> users 表的初始数据已存在
[server] 2022/10/27 10:24:04 info /Users/root/go/src/gin-server/service/system/initdb.go:45 [mysql] --> menus 表初始化数据成功
[server] 2022/10/27 10:24:04 info /Users/root/go/src/gin-server/service/system/initdb.go:45 [mysql] --> authorities 表初始化数据成功
[server] 2022/10/27 10:24:04 info /Users/root/go/src/gin-server/service/system/initdb.go:45 [mysql] --> authority_menus 表初始化数据成功
[server] 2022/10/27 10:24:04 info /Users/root/go/src/gin-server/service/system/initdb.go:45 [mysql] --> casbin_rule 表初始化数据成功
[server] 2022/10/27 10:24:04 info /Users/root/go/src/gin-server/server.go:31 初始化数据表和数据成功
[server] 2022/10/27 10:24:04 info /Users/root/go/src/gin-server/initialize/router.go:17 注册 CORS handler
[server] 2022/10/27 10:24:04 info /Users/root/go/src/gin-server/initialize/server.go:32 启动 WebServer 成功 {"address": ":8092"}
[server] 2022/10/27 10:31:49 info /Users/root/go/src/gin-server/server.go:26 连接数据库成功
[server] 2022/10/27 10:31:49 info /Users/root/go/src/gin-server/service/system/initdb.go:45 [mysql] --> users 表初始化数据成功
[server] 2022/10/27 10:31:49 info /Users/root/go/src/gin-server/service/system/initdb.go:45 [mysql] --> menus 表初始化数据成功
[server] 2022/10/27 10:31:50 info /Users/root/go/src/gin-server/service/system/initdb.go:45 [mysql] --> authorities 表初始化数据成功
[server] 2022/10/27 10:31:50 info /Users/root/go/src/gin-server/service/system/initdb.go:45 [mysql] --> authority_menus 表初始化数据成功
[server] 2022/10/27 10:31:50 info /Users/root/go/src/gin-server/service/system/initdb.go:45 [mysql] --> casbin_rule 表初始化数据成功
[server] 2022/10/27 10:31:50 info /Users/root/go/src/gin-server/server.go:31 初始化数据表和数据成功
[server] 2022/10/27 10:31:50 info /Users/root/go/src/gin-server/initialize/router.go:17 注册 CORS handler
[server] 2022/10/27 10:31:50 info /Users/root/go/src/gin-server/initialize/server.go:32 启动 WebServer 成功 {"address": ":8092"}
[server] 2022/10/27 10:39:51 info /Users/root/go/src/gin-server/server.go:26 连接数据库成功
[server] 2022/10/27 10:39:51 info /Users/root/go/src/gin-server/service/system/initdb.go:39 [mysql] --> users 表的初始数据已存在
[server] 2022/10/27 10:39:51 info /Users/root/go/src/gin-server/service/system/initdb.go:45 [mysql] --> menus 表初始化数据成功
[server] 2022/10/27 10:39:51 info /Users/root/go/src/gin-server/service/system/initdb.go:45 [mysql] --> authorities 表初始化数据成功
[server] 2022/10/27 10:39:51 info /Users/root/go/src/gin-server/service/system/initdb.go:45 [mysql] --> authority_menus 表初始化数据成功
[server] 2022/10/27 10:39:51 info /Users/root/go/src/gin-server/service/system/initdb.go:45 [mysql] --> casbin_rule 表初始化数据成功
[server] 2022/10/27 10:39:51 info /Users/root/go/src/gin-server/server.go:31 初始化数据表和数据成功
[server] 2022/10/27 10:39:51 info /Users/root/go/src/gin-server/initialize/router.go:17 注册 CORS handler
[server] 2022/10/27 10:39:51 info /Users/root/go/src/gin-server/initialize/server.go:32 启动 WebServer 成功 {"address": ":8092"}
[server] 2022/10/27 11:18:11 info /Users/root/go/src/gin-server/server.go:26 连接数据库成功
[server] 2022/10/27 11:18:11 info /Users/root/go/src/gin-server/service/system/initdb.go:39 [mysql] --> users 表的初始数据已存在
[server] 2022/10/27 11:18:11 info /Users/root/go/src/gin-server/service/system/initdb.go:45 [mysql] --> menus 表初始化数据成功
[server] 2022/10/27 11:18:11 info /Users/root/go/src/gin-server/service/system/initdb.go:45 [mysql] --> authorities 表初始化数据成功
[server] 2022/10/27 11:18:11 info /Users/root/go/src/gin-server/service/system/initdb.go:45 [mysql] --> authority_menus 表初始化数据成功
[server] 2022/10/27 11:18:11 info /Users/root/go/src/gin-server/service/system/initdb.go:45 [mysql] --> casbin_rule 表初始化数据成功
[server] 2022/10/27 11:18:11 info /Users/root/go/src/gin-server/server.go:31 初始化数据表和数据成功
[server] 2022/10/27 11:18:11 info /Users/root/go/src/gin-server/initialize/router.go:17 注册 CORS handler
[server] 2022/10/27 11:18:11 info /Users/root/go/src/gin-server/initialize/server.go:32 启动 WebServer 成功 {"address": ":8092"}
